<?xml version="1.0" encoding="UTF-8"?>
<!-- Generated by org.testng.reporters.JUnitXMLReporter -->
<testsuite hostname="DESKTOP-APIDJLV" name="Test" tests="3" failures="0" timestamp="7 Jun 2021 04:50:45 GMT" time="26.505" errors="0">
  <testcase name="Opencart_PurchaseProduct" time="15.182" classname="com.automation.Scripts.Purchase_Product"/>
  <testcase name="ParllelTest" time="5.625" classname="com.automation.Scripts.Purchase_Product"/>
  <testcase name="GmailTest" time="2.527" classname="com.automation.Scripts.Purchase_Product"/>
</testsuite> <!-- Test -->
