<?xml version="1.0" encoding="UTF-8"?>
<!-- Generated by org.testng.reporters.JUnitXMLReporter -->
<testsuite hostname="DESKTOP-APIDJLV" name="Test" tests="3" failures="0" timestamp="7 Jun 2021 04:23:54 GMT" time="33.453" errors="0">
  <testcase name="Opencart_PurchaseProduct" time="20.425" classname="com.automation.Scripts.Purchase_Product"/>
  <testcase name="ParllelTest" time="7.863" classname="com.automation.Scripts.Purchase_Product"/>
  <testcase name="GmailTest" time="2.396" classname="com.automation.Scripts.Purchase_Product"/>
</testsuite> <!-- Test -->
