<?xml version="1.0" encoding="UTF-8"?>
<testsuite xmlns:xsi="http://www.w3.org/2001/XMLSchema-instance" xsi:noNamespaceSchemaLocation="https://maven.apache.org/surefire/maven-surefire-plugin/xsd/surefire-test-report.xsd" name="TestSuite" time="36.346" tests="3" errors="0" skipped="0" failures="0">
  <properties>
[...]
</properties>
  <testcase name="Opencart_PurchaseProduct" classname="com.automation.Scripts.Purchase_Product" time="15.175"/>
  <testcase name="ParllelTest" classname="com.automation.Scripts.Purchase_Product" time="5.631"/>
  <testcase name="GmailTest" classname="com.automation.Scripts.Purchase_Product" time="2.521"/>
</testsuite>