<?xml version="1.0" encoding="UTF-8"?>
<testng-results skipped="0" failed="0" total="1" passed="1">
  <reporter-output>
  </reporter-output>
  <suite name="ParallelTestSuite" duration-ms="36838" started-at="2021-06-07T09:50:14Z" finished-at="2021-06-07T09:50:50Z">
    <groups>
    </groups>
    <test name="Test" duration-ms="36838" started-at="2021-06-07T09:50:14Z" finished-at="2021-06-07T09:50:50Z">
      <class name="com.automation.Scripts.Purchase_Product">
        <test-method status="PASS" signature="OpenBrowser(java.lang.String)[pri:0, instance:com.automation.Scripts.Purchase_Product@5906ebcb]" name="OpenBrowser" is-config="true" duration-ms="2796" started-at="2021-06-07T15:20:11Z" finished-at="2021-06-07T15:20:14Z">
          <params>
            <param index="0">
              <value>
                <![CDATA[chrome]]>
              </value>
            </param>
          </params>
          <reporter-output>
          </reporter-output>
        </test-method> <!-- OpenBrowser -->
        <test-method status="PASS" signature="BeforeTest()[pri:0, instance:com.automation.Scripts.Purchase_Product@5906ebcb]" name="BeforeTest" is-config="true" duration-ms="248" started-at="2021-06-07T15:20:14Z" finished-at="2021-06-07T15:20:14Z">
          <reporter-output>
          </reporter-output>
        </test-method> <!-- BeforeTest -->
        <test-method status="PASS" signature="Beforemethod(java.lang.reflect.Method)[pri:0, instance:com.automation.Scripts.Purchase_Product@5906ebcb]" name="Beforemethod" is-config="true" duration-ms="8" started-at="2021-06-07T15:20:14Z" finished-at="2021-06-07T15:20:14Z">
          <params>
            <param index="0">
              <value>
                <![CDATA[public void com.automation.Scripts.Purchase_Product.Opencart_PurchaseProduct() throws com.Automation.CustomisedExceptions.FrameWorkExceptions,java.io.IOException,java.lang.InterruptedException]]>
              </value>
            </param>
          </params>
          <reporter-output>
          </reporter-output>
        </test-method> <!-- Beforemethod -->
        <test-method status="PASS" signature="Opencart_PurchaseProduct()[pri:0, instance:com.automation.Scripts.Purchase_Product@5906ebcb]" name="Opencart_PurchaseProduct" duration-ms="35655" started-at="2021-06-07T15:20:14Z" finished-at="2021-06-07T15:20:50Z">
          <reporter-output>
          </reporter-output>
        </test-method> <!-- Opencart_PurchaseProduct -->
        <test-method status="PASS" signature="Aftermethod(org.testng.ITestResult)[pri:0, instance:com.automation.Scripts.Purchase_Product@5906ebcb]" name="Aftermethod" is-config="true" duration-ms="835" started-at="2021-06-07T15:20:50Z" finished-at="2021-06-07T15:20:50Z">
          <params>
            <param index="0">
              <value>
                <![CDATA[[TestResult name=Opencart_PurchaseProduct status=SUCCESS method=Purchase_Product.Opencart_PurchaseProduct()[pri:0, instance:com.automation.Scripts.Purchase_Product@5906ebcb] output={null}]]]>
              </value>
            </param>
          </params>
          <reporter-output>
          </reporter-output>
        </test-method> <!-- Aftermethod -->
        <test-method status="PASS" signature="AfterTest()[pri:0, instance:com.automation.Scripts.Purchase_Product@5906ebcb]" name="AfterTest" is-config="true" duration-ms="71" started-at="2021-06-07T15:20:50Z" finished-at="2021-06-07T15:20:50Z">
          <reporter-output>
          </reporter-output>
        </test-method> <!-- AfterTest -->
        <test-method status="PASS" signature="Closebrowser()[pri:0, instance:com.automation.Scripts.Purchase_Product@5906ebcb]" name="Closebrowser" is-config="true" duration-ms="817" started-at="2021-06-07T15:20:51Z" finished-at="2021-06-07T15:20:51Z">
          <reporter-output>
          </reporter-output>
        </test-method> <!-- Closebrowser -->
      </class> <!-- com.automation.Scripts.Purchase_Product -->
    </test> <!-- Test -->
  </suite> <!-- ParallelTestSuite -->
</testng-results>
