<?xml version="1.0" encoding="UTF-8"?>
<testng-results skipped="0" failed="0" ignored="0" total="1" passed="1">
  <reporter-output>
  </reporter-output>
  <suite name="Default suite" duration-ms="12956" started-at="2021-06-09T13:40:59 IST" finished-at="2021-06-09T13:41:12 IST">
    <groups>
    </groups>
    <test name="Default test" duration-ms="12956" started-at="2021-06-09T13:40:59 IST" finished-at="2021-06-09T13:41:12 IST">
      <class name="com.automation.Scripts.Etrade_Account">
        <test-method status="PASS" signature="OpenBrowser(java.lang.String)[pri:0, instance:com.automation.Scripts.Etrade_Account@58c1670b]" name="OpenBrowser" is-config="true" duration-ms="3128" started-at="2021-06-09T13:40:56 IST" finished-at="2021-06-09T13:40:59 IST">
          <params>
            <param index="0">
              <value>
                <![CDATA[chrome]]>
              </value>
            </param>
          </params>
          <reporter-output>
          </reporter-output>
        </test-method> <!-- OpenBrowser -->
        <test-method status="PASS" signature="BeforeTest()[pri:0, instance:com.automation.Scripts.Etrade_Account@58c1670b]" name="BeforeTest" is-config="true" duration-ms="198" started-at="2021-06-09T13:40:59 IST" finished-at="2021-06-09T13:40:59 IST">
          <reporter-output>
          </reporter-output>
        </test-method> <!-- BeforeTest -->
        <test-method status="PASS" signature="Beforemethod(java.lang.reflect.Method)[pri:0, instance:com.automation.Scripts.Etrade_Account@58c1670b]" name="Beforemethod" is-config="true" duration-ms="11" started-at="2021-06-09T13:40:59 IST" finished-at="2021-06-09T13:40:59 IST">
          <params>
            <param index="0">
              <value>
                <![CDATA[public void com.automation.Scripts.Etrade_Account.OpenAccount() throws java.lang.InterruptedException,com.Automation.CustomisedExceptions.FrameWorkExceptions,java.io.IOException]]>
              </value>
            </param>
          </params>
          <reporter-output>
          </reporter-output>
        </test-method> <!-- Beforemethod -->
        <test-method status="PASS" signature="OpenAccount()[pri:0, instance:com.automation.Scripts.Etrade_Account@58c1670b]" name="OpenAccount" duration-ms="11979" started-at="2021-06-09T13:40:59 IST" finished-at="2021-06-09T13:41:11 IST">
          <reporter-output>
          </reporter-output>
        </test-method> <!-- OpenAccount -->
        <test-method status="PASS" signature="Aftermethod(org.testng.ITestResult)[pri:0, instance:com.automation.Scripts.Etrade_Account@58c1670b]" name="Aftermethod" is-config="true" duration-ms="651" started-at="2021-06-09T13:41:11 IST" finished-at="2021-06-09T13:41:12 IST">
          <params>
            <param index="0">
              <value>
                <![CDATA[[TestResult name=OpenAccount status=SUCCESS method=Etrade_Account.OpenAccount()[pri:0, instance:com.automation.Scripts.Etrade_Account@58c1670b] output={null}]]]>
              </value>
            </param>
          </params>
          <reporter-output>
          </reporter-output>
        </test-method> <!-- Aftermethod -->
        <test-method status="PASS" signature="AfterTest()[pri:0, instance:com.automation.Scripts.Etrade_Account@58c1670b]" name="AfterTest" is-config="true" duration-ms="60" started-at="2021-06-09T13:41:12 IST" finished-at="2021-06-09T13:41:12 IST">
          <reporter-output>
          </reporter-output>
        </test-method> <!-- AfterTest -->
        <test-method status="PASS" signature="Closebrowser()[pri:0, instance:com.automation.Scripts.Etrade_Account@58c1670b]" name="Closebrowser" is-config="true" duration-ms="924" started-at="2021-06-09T13:41:12 IST" finished-at="2021-06-09T13:41:13 IST">
          <reporter-output>
          </reporter-output>
        </test-method> <!-- Closebrowser -->
      </class> <!-- com.automation.Scripts.Etrade_Account -->
    </test> <!-- Default test -->
  </suite> <!-- Default suite -->
</testng-results>
